0 info it worked if it ends with ok
1 verbose cli [ '/usr/bin/node', '/usr/bin/npm', 'install', '-g', 'n' ]
2 info using npm@3.5.2
3 info using node@v8.10.0
4 silly loadCurrentTree Starting
5 silly install loadCurrentTree
6 silly install readGlobalPackageData
7 silly fetchPackageMetaData n
8 silly fetchNamedPackageData n
9 silly mapToRegistry name n
10 silly mapToRegistry using default registry
11 silly mapToRegistry registry https://registry.npmjs.org/
12 silly mapToRegistry uri https://registry.npmjs.org/n
13 verbose request uri https://registry.npmjs.org/n
14 verbose request no auth needed
15 info attempt registry request try #1 at 4:42:58 p. m.
16 verbose request id 120bdd8eb0b1a2f7
17 verbose etag W/"704f020526da46d01b3a57b5fa20c6f0"
18 verbose lastModified Sun, 26 Sep 2021 03:10:39 GMT
19 http request GET https://registry.npmjs.org/n
20 http 304 https://registry.npmjs.org/n
21 verbose headers { date: 'Tue, 19 Oct 2021 20:42:59 GMT',
21 verbose headers   connection: 'keep-alive',
21 verbose headers   'cf-ray': '6a0cd606dfda2206-MIA',
21 verbose headers   'cache-control': 'public, max-age=300',
21 verbose headers   etag: '"704f020526da46d01b3a57b5fa20c6f0"',
21 verbose headers   'last-modified': 'Sun, 26 Sep 2021 03:10:39 GMT',
21 verbose headers   vary: 'Accept-Encoding',
21 verbose headers   'cf-cache-status': 'REVALIDATED',
21 verbose headers   'expect-ct': 'max-age=604800, report-uri="https://report-uri.cloudflare.com/cdn-cgi/beacon/expect-ct"',
21 verbose headers   'x-amz-replication-status': 'COMPLETED',
21 verbose headers   server: 'cloudflare' }
22 silly get cb [ 304,
22 silly get   { date: 'Tue, 19 Oct 2021 20:42:59 GMT',
22 silly get     connection: 'keep-alive',
22 silly get     'cf-ray': '6a0cd606dfda2206-MIA',
22 silly get     'cache-control': 'public, max-age=300',
22 silly get     etag: '"704f020526da46d01b3a57b5fa20c6f0"',
22 silly get     'last-modified': 'Sun, 26 Sep 2021 03:10:39 GMT',
22 silly get     vary: 'Accept-Encoding',
22 silly get     'cf-cache-status': 'REVALIDATED',
22 silly get     'expect-ct': 'max-age=604800, report-uri="https://report-uri.cloudflare.com/cdn-cgi/beacon/expect-ct"',
22 silly get     'x-amz-replication-status': 'COMPLETED',
22 silly get     server: 'cloudflare' } ]
23 verbose etag https://registry.npmjs.org/n from cache
24 verbose get saving n to /home/enf-tec-abompart/.npm/registry.npmjs.org/n/.cache.json
25 silly install normalizeTree
26 silly loadCurrentTree Finishing
27 silly loadIdealTree Starting
28 silly install loadIdealTree
29 silly cloneCurrentTree Starting
30 silly install cloneCurrentTreeToIdealTree
31 silly cloneCurrentTree Finishing
32 silly loadShrinkwrap Starting
33 silly install loadShrinkwrap
34 silly loadShrinkwrap Finishing
35 silly loadAllDepsIntoIdealTree Starting
36 silly install loadAllDepsIntoIdealTree
37 silly resolveWithNewModule n@7.5.0 checking installable status
38 silly cache add args [ 'n', null ]
39 verbose cache add spec n
40 silly cache add parsed spec Result {
40 silly cache add   raw: 'n',
40 silly cache add   scope: null,
40 silly cache add   name: 'n',
40 silly cache add   rawSpec: '',
40 silly cache add   spec: 'latest',
40 silly cache add   type: 'tag' }
41 silly addNamed n@latest
42 verbose addNamed "latest" is being treated as a dist-tag for n
43 info addNameTag [ 'n', 'latest' ]
44 silly mapToRegistry name n
45 silly mapToRegistry using default registry
46 silly mapToRegistry registry https://registry.npmjs.org/
47 silly mapToRegistry uri https://registry.npmjs.org/n
48 verbose addNameTag registry:https://registry.npmjs.org/n not in flight; fetching
49 verbose get https://registry.npmjs.org/n not expired, no request
50 silly addNameTag next cb for n with tag latest
51 silly addNamed n@7.5.0
52 verbose addNamed "7.5.0" is a plain semver version for n
53 silly cache afterAdd n@7.5.0
54 verbose afterAdd /home/enf-tec-abompart/.npm/n/7.5.0/package/package.json not in flight; writing
55 verbose afterAdd /home/enf-tec-abompart/.npm/n/7.5.0/package/package.json written
56 silly loadAllDepsIntoIdealTree Finishing
57 silly idealTree:prePrune lib
57 silly idealTree:prePrune └── n@7.5.0
58 silly loadIdealTree Finishing
59 silly currentTree lib
59 silly currentTree └── n@7.5.0
60 silly idealTree lib
60 silly idealTree └── n@7.5.0
61 silly generateActionsToTake Starting
62 silly install generateActionsToTake
63 warn checkPermissions Missing write access to /usr/local/lib/node_modules/n
64 warn checkPermissions Missing write access to /usr/local/lib/node_modules
65 silly rollbackFailedOptional Starting
66 silly rollbackFailedOptional Finishing
67 silly runTopLevelLifecycles Starting
68 silly runTopLevelLifecycles Finishing
69 silly install printInstalled
70 verbose stack Error: EACCES: permission denied, access '/usr/local/lib/node_modules/n'
71 verbose cwd /var/www/html/enfcontrol
72 error Linux 5.4.0-87-generic
73 error argv "/usr/bin/node" "/usr/bin/npm" "install" "-g" "n"
74 error node v8.10.0
75 error npm  v3.5.2
76 error path /usr/local/lib/node_modules/n
77 error code EACCES
78 error errno -13
79 error syscall access
80 error Error: EACCES: permission denied, access '/usr/local/lib/node_modules/n'
80 error  { Error: EACCES: permission denied, access '/usr/local/lib/node_modules/n'
80 error   errno: -13,
80 error   code: 'EACCES',
80 error   syscall: 'access',
80 error   path: '/usr/local/lib/node_modules/n' }
81 error Please try running this command again as root/Administrator.
82 verbose exit [ -13, true ]
